<?xml version="1.0" encoding="UTF-8"?>
<testng-results ignored="0" total="1" passed="1" failed="0" skipped="0">
  <reporter-output>
  </reporter-output>
  <suite started-at="2023-08-17T06:46:07 EDT" name="Default suite" finished-at="2023-08-17T06:46:22 EDT" duration-ms="15299">
    <groups>
    </groups>
    <test started-at="2023-08-17T06:46:07 EDT" name="Default test" finished-at="2023-08-17T06:46:22 EDT" duration-ms="15299">
      <class name="pages.HomePageTest">
        <test-method is-config="true" signature="setUp()[pri:0, instance:pages.HomePageTest@4d5650ae]" started-at="2023-08-17T06:46:07 EDT" name="setUp" finished-at="2023-08-17T06:46:11 EDT" duration-ms="3641" status="PASS">
          <reporter-output>
          </reporter-output>
        </test-method> <!-- setUp -->
        <test-method signature="clickLogoTest()[pri:0, instance:pages.HomePageTest@4d5650ae]" started-at="2023-08-17T06:46:11 EDT" name="clickLogoTest" finished-at="2023-08-17T06:46:22 EDT" duration-ms="11393" status="PASS">
          <reporter-output>
          </reporter-output>
        </test-method> <!-- clickLogoTest -->
        <test-method is-config="true" signature="tearup()[pri:0, instance:pages.HomePageTest@4d5650ae]" started-at="2023-08-17T06:46:22 EDT" name="tearup" finished-at="2023-08-17T06:46:22 EDT" duration-ms="209" status="PASS">
          <reporter-output>
          </reporter-output>
        </test-method> <!-- tearup -->
      </class> <!-- pages.HomePageTest -->
    </test> <!-- Default test -->
  </suite> <!-- Default suite -->
</testng-results>
